<?xml version="1.0" encoding="UTF-8"?>
<!-- Generated by org.testng.reporters.JUnitReportReporter -->
<testsuite skipped="0" hostname="ASHU" name="com.hrms.DDF1" tests="2" failures="0" timestamp="19 Sep 2018 13:32:24 GMT" time="73.190" errors="0">
  <testcase name="login" time="37.332" classname="com.hrms.DDF1"/>
  <testcase name="login" time="35.858" classname="com.hrms.DDF1"/>
</testsuite> <!-- com.hrms.DDF1 -->
