<?xml version="1.0" encoding="UTF-8"?>
<!-- Generated by org.testng.reporters.JUnitReportReporter -->
<testsuite skipped="0" hostname="ASHU" name="TestngEx.GroupingDemo" tests="4" failures="0" timestamp="24 Sep 2018 10:33:13 GMT" time="0.039" errors="0">
  <testcase name="test2" time="0.008" classname="TestngEx.GroupingDemo"/>
  <testcase name="test4" time="0.004" classname="TestngEx.GroupingDemo"/>
  <testcase name="test1" time="0.023" classname="TestngEx.GroupingDemo"/>
  <testcase name="test3" time="0.004" classname="TestngEx.GroupingDemo"/>
</testsuite> <!-- TestngEx.GroupingDemo -->
