<?xml version="1.0" encoding="UTF-8"?>
<!-- Generated by org.testng.reporters.JUnitReportReporter -->
<testsuite skipped="0" hostname="ASHU" name="excelutility.ParallelBrowser" tests="2" failures="0" timestamp="24 Sep 2018 10:03:52 GMT" time="31.403" errors="0">
  <testcase name="login" time="3.767" classname="excelutility.ParallelBrowser"/>
  <testcase name="login" time="27.636" classname="excelutility.ParallelBrowser"/>
</testsuite> <!-- excelutility.ParallelBrowser -->
