<?xml version="1.0" encoding="UTF-8"?>
<!-- Generated by org.testng.reporters.JUnitReportReporter -->
<testsuite skipped="0" hostname="ASHU" name="TestngEx.ParaEx" tests="1" failures="0" timestamp="04 Oct 2018 17:52:19 GMT" time="0.014" errors="0">
  <testcase name="data" time="0.014" classname="TestngEx.ParaEx"/>
</testsuite> <!-- TestngEx.ParaEx -->
