<?xml version="1.0" encoding="UTF-8"?>
<!-- Generated by org.testng.reporters.JUnitReportReporter -->
<testsuite skipped="0" hostname="ASHU" name="com.hrms.DDF" tests="5" failures="0" timestamp="19 Sep 2018 12:35:35 GMT" time="0.020" errors="0">
  <testcase name="start" time="0.012" classname="com.hrms.DDF"/>
  <testcase name="startup" time="0.000" classname="com.hrms.DDF"/>
  <testcase name="start" time="0.004" classname="com.hrms.DDF"/>
  <testcase name="startup" time="0.004" classname="com.hrms.DDF"/>
  <testcase name="startup" time="0.000" classname="com.hrms.DDF"/>
</testsuite> <!-- com.hrms.DDF -->
