<?xml version="1.0" encoding="UTF-8"?>
<!-- Generated by org.testng.reporters.JUnitReportReporter -->
<testsuite skipped="0" hostname="ASHU" name="demo.TestngDemo" tests="1" failures="0" timestamp="20 Aug 2018 16:51:01 GMT" time="0.014" errors="0">
  <testcase name="test1" time="0.014" classname="demo.TestngDemo"/>
</testsuite> <!-- demo.TestngDemo -->
