<?xml version="1.0" encoding="UTF-8"?>
<!-- Generated by org.testng.reporters.JUnitReportReporter -->
<testsuite skipped="0" hostname="ASHU" name="guruProject.Teast01byguru" tests="1" failures="0" timestamp="24 Sep 2018 07:28:04 GMT" time="22.318" errors="0">
  <testcase name="testDay1TestCase1" time="22.318" classname="guruProject.Teast01byguru"/>
</testsuite> <!-- guruProject.Teast01byguru -->
