<?xml version="1.0" encoding="UTF-8"?>
<!-- Generated by org.testng.reporters.JUnitReportReporter -->
<testsuite skipped="0" hostname="ASHU" name="TestngEx.MultiBrowser" tests="2" failures="0" timestamp="04 Oct 2018 18:57:29 GMT" time="33.632" errors="0">
  <testcase name="google" time="29.222" classname="TestngEx.MultiBrowser"/>
  <testcase name="google" time="4.410" classname="TestngEx.MultiBrowser"/>
</testsuite> <!-- TestngEx.MultiBrowser -->
