<?xml version="1.0" encoding="UTF-8"?>
<!-- Generated by org.testng.reporters.JUnitReportReporter -->
<testsuite skipped="0" hostname="ASHU" name="TestngEx.ParameterEx" tests="1" failures="0" timestamp="24 Sep 2018 12:23:51 GMT" time="0.016" errors="0">
  <testcase name="login" time="0.016" classname="TestngEx.ParameterEx"/>
</testsuite> <!-- TestngEx.ParameterEx -->
