<?xml version="1.0" encoding="UTF-8"?>
<!-- Generated by org.testng.reporters.JUnitReportReporter -->
<testsuite skipped="0" hostname="ASHU" name="TestngEx.DependEx" tests="3" failures="0" timestamp="04 Oct 2018 18:02:22 GMT" time="0.019" errors="0">
  <testcase name="t2" time="0.003" classname="TestngEx.DependEx"/>
  <testcase name="t3" time="0.013" classname="TestngEx.DependEx"/>
  <testcase name="t1" time="0.003" classname="TestngEx.DependEx"/>
</testsuite> <!-- TestngEx.DependEx -->
