<?xml version="1.0" encoding="UTF-8"?>
<!-- Generated by org.testng.reporters.JUnitReportReporter -->
<testsuite skipped="0" hostname="ASHU" name="excelutility.ReadExcel" tests="1" failures="0" timestamp="20 Sep 2018 18:40:35 GMT" time="0.772" errors="0">
  <testcase name="startup" time="0.772" classname="excelutility.ReadExcel"/>
</testsuite> <!-- excelutility.ReadExcel -->
