<?xml version="1.0" encoding="UTF-8"?>
<!-- Generated by org.testng.reporters.JUnitReportReporter -->
<testsuite skipped="0" hostname="ASHU" name="TestngEx.DependsonEx" tests="3" failures="0" timestamp="24 Sep 2018 11:52:50 GMT" time="0.028" errors="0">
  <testcase name="m3" time="0.004" classname="TestngEx.DependsonEx"/>
  <testcase name="m2" time="0.016" classname="TestngEx.DependsonEx"/>
  <testcase name="m1" time="0.008" classname="TestngEx.DependsonEx"/>
</testsuite> <!-- TestngEx.DependsonEx -->
