<?xml version="1.0" encoding="UTF-8"?>
<!-- Generated by org.testng.reporters.JUnitReportReporter -->
<testsuite skipped="0" hostname="ASHU" name="demo.TestngDemo1" tests="1" failures="0" timestamp="11 Sep 2018 09:40:18 GMT" time="0.020" errors="0">
  <testcase name="m2" time="0.020" classname="demo.TestngDemo1"/>
</testsuite> <!-- demo.TestngDemo1 -->
