<?xml version="1.0" encoding="UTF-8"?>
<!-- Generated by org.testng.reporters.JUnitReportReporter -->
<testsuite skipped="1" hostname="ASHU" name="TestngEx.IgnoreEx" tests="3" failures="0" timestamp="24 Sep 2018 12:10:55 GMT" time="0.012" errors="0">
  <testcase name="m" time="0.012" classname="TestngEx.IgnoreEx"/>
  <testcase name="o" time="0.000" classname="TestngEx.IgnoreEx"/>
  <testcase name="n" classname="TestngEx.IgnoreEx">
    <skipped/>
  </testcase> <!-- n -->
</testsuite> <!-- TestngEx.IgnoreEx -->
